  ball.cpp
  gameutils.cpp
C:\Users\Aula 1\Downloads\Prueba\TP_PONG_SollimaLuciano\src\paddles.h(11,19): error C3646: 'rectangle': especificador de invalidación desconocido
  (compilando archivo de origen "../src/ball.cpp")
  
C:\Users\Aula 1\Downloads\Prueba\TP_PONG_SollimaLuciano\src\paddles.h(11,28): error C4430: falta el especificador de tipo; se presupone int. Nota: C++ no admite default-int
  (compilando archivo de origen "../src/ball.cpp")
  
C:\Users\Aula 1\Downloads\Prueba\TP_PONG_SollimaLuciano\src\paddles.h(12,15): error C3646: 'paddleColor': especificador de invalidación desconocido
  (compilando archivo de origen "../src/ball.cpp")
  
C:\Users\Aula 1\Downloads\Prueba\TP_PONG_SollimaLuciano\src\paddles.h(12,27): error C2059: error de sintaxis: '='
  (compilando archivo de origen "../src/ball.cpp")
  
C:\Users\Aula 1\Downloads\Prueba\TP_PONG_SollimaLuciano\src\paddles.h(12,34): error C2238: símbolos (token) inesperados delante de ';'
  (compilando archivo de origen "../src/ball.cpp")
  
C:\Users\Aula 1\Downloads\Prueba\TP_PONG_SollimaLuciano\src\ball.h(16,29): error C3861: 'WHITE': no se encontró el identificador
  (compilando archivo de origen "../src/ball.cpp")
  
C:\Users\Aula 1\Downloads\Prueba\TP_PONG_SollimaLuciano\src\ball.h(16,29): error C2065: 'WHITE': identificador no declarado
  (compilando archivo de origen "../src/ball.cpp")
  
C:\Users\Aula 1\Downloads\Prueba\TP_PONG_SollimaLuciano\src\ball.cpp(37,34): warning C4244: '+=': conversión de 'float' a 'int'; posible pérdida de datos
C:\Users\Aula 1\Downloads\Prueba\TP_PONG_SollimaLuciano\src\ball.cpp(39,34): warning C4244: '+=': conversión de 'float' a 'int'; posible pérdida de datos
C:\Users\Aula 1\Downloads\Prueba\TP_PONG_SollimaLuciano\src\paddles.h(11,19): error C3646: 'rectangle': especificador de invalidación desconocido
  (compilando archivo de origen "../src/gameutils.cpp")
  
C:\Users\Aula 1\Downloads\Prueba\TP_PONG_SollimaLuciano\src\paddles.h(11,28): error C4430: falta el especificador de tipo; se presupone int. Nota: C++ no admite default-int
  (compilando archivo de origen "../src/gameutils.cpp")
  
C:\Users\Aula 1\Downloads\Prueba\TP_PONG_SollimaLuciano\src\paddles.h(12,15): error C3646: 'paddleColor': especificador de invalidación desconocido
  (compilando archivo de origen "../src/gameutils.cpp")
  
C:\Users\Aula 1\Downloads\Prueba\TP_PONG_SollimaLuciano\src\paddles.h(12,27): error C2059: error de sintaxis: '='
  (compilando archivo de origen "../src/gameutils.cpp")
  
C:\Users\Aula 1\Downloads\Prueba\TP_PONG_SollimaLuciano\src\paddles.h(12,34): error C2238: símbolos (token) inesperados delante de ';'
  (compilando archivo de origen "../src/gameutils.cpp")
  
C:\Users\Aula 1\Downloads\Prueba\TP_PONG_SollimaLuciano\src\ball.h(14,17): error C3646: 'ballCenter': especificador de invalidación desconocido
  (compilando archivo de origen "../src/gameutils.cpp")
  
C:\Users\Aula 1\Downloads\Prueba\TP_PONG_SollimaLuciano\src\ball.h(14,27): error C4430: falta el especificador de tipo; se presupone int. Nota: C++ no admite default-int
  (compilando archivo de origen "../src/gameutils.cpp")
  
C:\Users\Aula 1\Downloads\Prueba\TP_PONG_SollimaLuciano\src\ball.h(16,15): error C3646: 'circleColor': especificador de invalidación desconocido
  (compilando archivo de origen "../src/gameutils.cpp")
  
C:\Users\Aula 1\Downloads\Prueba\TP_PONG_SollimaLuciano\src\ball.h(16,27): error C2059: error de sintaxis: '='
  (compilando archivo de origen "../src/gameutils.cpp")
  
C:\Users\Aula 1\Downloads\Prueba\TP_PONG_SollimaLuciano\src\ball.h(16,34): error C2238: símbolos (token) inesperados delante de ';'
  (compilando archivo de origen "../src/gameutils.cpp")
  
C:\Users\Aula 1\Downloads\Prueba\TP_PONG_SollimaLuciano\src\gameutils.cpp(5,10): error C1083: No se puede abrir el archivo incluir: 'raylib.h': No such file or directory
  paddles.cpp
C:\Users\Aula 1\Downloads\Prueba\TP_PONG_SollimaLuciano\src\paddles.cpp : error C1041: no puede abrir la base de datos de programa 'C:\Users\Aula 1\Downloads\Prueba\TP_PONG_SollimaLuciano\obj\Debug\vc143.pdb'. Si varios CL.EXE escriben en el mismo archivo .PDB, use /FS.
  runprogram.cpp
C:\Users\Aula 1\Downloads\Prueba\TP_PONG_SollimaLuciano\src\runprogram.cpp : error C1041: no puede abrir la base de datos de programa 'C:\Users\Aula 1\Downloads\Prueba\TP_PONG_SollimaLuciano\obj\Debug\vc143.pdb'. Si varios CL.EXE escriben en el mismo archivo .PDB, use /FS.
  scenes.cpp
C:\Users\Aula 1\Downloads\Prueba\TP_PONG_SollimaLuciano\src\paddles.h(11,19): error C3646: 'rectangle': especificador de invalidación desconocido
  (compilando archivo de origen "../src/scenes.cpp")
  
C:\Users\Aula 1\Downloads\Prueba\TP_PONG_SollimaLuciano\src\paddles.h(11,28): error C4430: falta el especificador de tipo; se presupone int. Nota: C++ no admite default-int
  (compilando archivo de origen "../src/scenes.cpp")
  
C:\Users\Aula 1\Downloads\Prueba\TP_PONG_SollimaLuciano\src\paddles.h(12,15): error C3646: 'paddleColor': especificador de invalidación desconocido
  (compilando archivo de origen "../src/scenes.cpp")
  
C:\Users\Aula 1\Downloads\Prueba\TP_PONG_SollimaLuciano\src\paddles.h(12,27): error C2059: error de sintaxis: '='
  (compilando archivo de origen "../src/scenes.cpp")
  
C:\Users\Aula 1\Downloads\Prueba\TP_PONG_SollimaLuciano\src\paddles.h(12,34): error C2238: símbolos (token) inesperados delante de ';'
  (compilando archivo de origen "../src/scenes.cpp")
  
C:\Users\Aula 1\Downloads\Prueba\TP_PONG_SollimaLuciano\src\ball.h(16,29): error C3861: 'WHITE': no se encontró el identificador
  (compilando archivo de origen "../src/scenes.cpp")
  
C:\Users\Aula 1\Downloads\Prueba\TP_PONG_SollimaLuciano\src\ball.h(16,29): error C2065: 'WHITE': identificador no declarado
  (compilando archivo de origen "../src/scenes.cpp")
  
C:\Users\Aula 1\Downloads\Prueba\TP_PONG_SollimaLuciano\src\menuutils.h(3,10): error C1083: No se puede abrir el archivo incluir: 'raylib.h': No such file or directory
  (compilando archivo de origen "../src/scenes.cpp")
  
  Generando código...
